<?xml version="1.0" encoding="UTF-8"?>
<testng-results ignored="0" total="1" passed="1" failed="0" skipped="0">
  <reporter-output>
  </reporter-output>
  <suite started-at="2023-01-02T08:15:44Z" name="Login and Search Test Suite" finished-at="2023-01-02T08:17:12Z" duration-ms="88493">
    <groups>
      <group name="SMOKE">
        <method signature="InStationSignupTest.clickNextbutton()[pri:0, instance:apptests.InStationSignupTest@6ea2bc93]" name="clickNextbutton" class="apptests.InStationSignupTest"/>
      </group> <!-- SMOKE -->
    </groups>
    <test started-at="2023-01-02T08:15:44Z" name="Tests" finished-at="2023-01-02T08:17:12Z" duration-ms="88493">
      <class name="apptests.InStationSignupTest">
        <test-method is-config="true" signature="setUpBrowser()[pri:0, instance:apptests.InStationSignupTest@6ea2bc93]" started-at="2023-01-02T08:15:44Z" name="setUpBrowser" finished-at="2023-01-02T08:16:13Z" duration-ms="29161" status="PASS">
          <reporter-output>
          </reporter-output>
        </test-method> <!-- setUpBrowser -->
        <test-method signature="clickNextbutton()[pri:0, instance:apptests.InStationSignupTest@6ea2bc93]" started-at="2023-01-02T08:16:13Z" name="clickNextbutton" finished-at="2023-01-02T08:17:08Z" duration-ms="55280" status="PASS">
          <reporter-output>
          </reporter-output>
        </test-method> <!-- clickNextbutton -->
        <test-method is-config="true" signature="tearDown()[pri:0, instance:apptests.InStationSignupTest@6ea2bc93]" started-at="2023-01-02T08:17:09Z" name="tearDown" finished-at="2023-01-02T08:17:12Z" duration-ms="3553" status="FAIL">
          <exception class="java.lang.NullPointerException">
            <message>
              <![CDATA[Cannot invoke "io.appium.java_client.service.local.AppiumDriverLocalService.stop()" because "basecode.BaseTest.service" is null]]>
            </message>
            <full-stacktrace>
              <![CDATA[java.lang.NullPointerException: Cannot invoke "io.appium.java_client.service.local.AppiumDriverLocalService.stop()" because "basecode.BaseTest.service" is null
at basecode.BaseTest.stopAppiumServer(BaseTest.java:80)
at basetest.BaseTestAndroid.tearDown(BaseTestAndroid.java:21)
at java.base/jdk.internal.reflect.NativeMethodAccessorImpl.invoke0(Native Method)
at java.base/jdk.internal.reflect.NativeMethodAccessorImpl.invoke(NativeMethodAccessorImpl.java:77)
at java.base/jdk.internal.reflect.DelegatingMethodAccessorImpl.invoke(DelegatingMethodAccessorImpl.java:43)
at java.base/java.lang.reflect.Method.invoke(Method.java:568)
at org.testng.internal.MethodInvocationHelper.invokeMethod(MethodInvocationHelper.java:124)
at org.testng.internal.MethodInvocationHelper.invokeMethodConsideringTimeout(MethodInvocationHelper.java:59)
at org.testng.internal.Invoker.invokeConfigurationMethod(Invoker.java:458)
at org.testng.internal.Invoker.invokeConfigurations(Invoker.java:222)
at org.testng.internal.Invoker.invokeConfigurations(Invoker.java:142)
at org.testng.TestRunner.afterRun(TestRunner.java:725)
at org.testng.TestRunner.run(TestRunner.java:509)
at org.testng.SuiteRunner.runTest(SuiteRunner.java:455)
at org.testng.SuiteRunner.runSequentially(SuiteRunner.java:450)
at org.testng.SuiteRunner.privateRun(SuiteRunner.java:415)
at org.testng.SuiteRunner.run(SuiteRunner.java:364)
at org.testng.SuiteRunnerWorker.runSuite(SuiteRunnerWorker.java:52)
at org.testng.SuiteRunnerWorker.run(SuiteRunnerWorker.java:84)
at org.testng.TestNG.runSuitesSequentially(TestNG.java:1208)
at org.testng.TestNG.runSuitesLocally(TestNG.java:1137)
at org.testng.TestNG.runSuites(TestNG.java:1049)
at org.testng.TestNG.run(TestNG.java:1017)
at org.testng.remote.AbstractRemoteTestNG.run(AbstractRemoteTestNG.java:115)
at org.testng.remote.RemoteTestNG.initAndRun(RemoteTestNG.java:251)
at org.testng.remote.RemoteTestNG.main(RemoteTestNG.java:77)
]]>
            </full-stacktrace>
          </exception> <!-- java.lang.NullPointerException -->
          <reporter-output>
          </reporter-output>
        </test-method> <!-- tearDown -->
      </class> <!-- apptests.InStationSignupTest -->
    </test> <!-- Tests -->
  </suite> <!-- Login and Search Test Suite -->
</testng-results>
